0 info it worked if it ends with ok
1 verbose cli [ '/usr/bin/nodejs', '/usr/bin/npm', 'run', 'lite' ]
2 info using npm@3.10.10
3 info using node@v6.10.3
4 verbose run-script [ 'prelite', 'lite', 'postlite' ]
5 info lifecycle freelance-camp-frontend@1.0.0~prelite: freelance-camp-frontend@1.0.0
6 silly lifecycle freelance-camp-frontend@1.0.0~prelite: no script for prelite, continuing
7 info lifecycle freelance-camp-frontend@1.0.0~lite: freelance-camp-frontend@1.0.0
8 verbose lifecycle freelance-camp-frontend@1.0.0~lite: unsafe-perm in lifecycle true
9 verbose lifecycle freelance-camp-frontend@1.0.0~lite: PATH: /usr/lib/node_modules/npm/bin/node-gyp-bin:/home/carlos/Development/rails_projects/angular-rails/freelance-camp-frontend/node_modules/.bin:/usr/lib/node_modules/npm/bin/node-gyp-bin:/home/carlos/Development/rails_projects/angular-rails/freelance-camp-frontend/node_modules/.bin:/home/carlos/bin:/home/carlos/.local/bin:/home/carlos/.rbenv/plugins/ruby-build/bin:/home/carlos/.rbenv/shims:/home/carlos/.rbenv/bin:/home/carlos/bin:/home/carlos/.local/bin:/usr/local/sbin:/usr/local/bin:/usr/sbin:/usr/bin:/sbin:/bin:/usr/games:/usr/local/games
10 verbose lifecycle freelance-camp-frontend@1.0.0~lite: CWD: /home/carlos/Development/rails_projects/angular-rails/freelance-camp-frontend
11 silly lifecycle freelance-camp-frontend@1.0.0~lite: Args: [ '-c', 'lite' ]
12 info lifecycle freelance-camp-frontend@1.0.0~lite: Failed to exec lite script
13 verbose stack Error: freelance-camp-frontend@1.0.0 lite: `lite`
13 verbose stack spawn ENOENT
13 verbose stack     at ChildProcess.<anonymous> (/usr/lib/node_modules/npm/lib/utils/spawn.js:33:16)
13 verbose stack     at emitTwo (events.js:106:13)
13 verbose stack     at ChildProcess.emit (events.js:191:7)
13 verbose stack     at maybeClose (internal/child_process.js:886:16)
13 verbose stack     at Process.ChildProcess._handle.onexit (internal/child_process.js:226:5)
14 verbose pkgid freelance-camp-frontend@1.0.0
15 verbose cwd /home/carlos/Development/rails_projects/angular-rails/freelance-camp-frontend
16 error Linux 4.4.0-53-generic
17 error argv "/usr/bin/nodejs" "/usr/bin/npm" "run" "lite"
18 error node v6.10.3
19 error npm  v3.10.10
20 error file sh
21 error code ELIFECYCLE
22 error errno ENOENT
23 error syscall spawn
24 error freelance-camp-frontend@1.0.0 lite: `lite`
24 error spawn ENOENT
25 error Failed at the freelance-camp-frontend@1.0.0 lite script 'lite'.
25 error Make sure you have the latest version of node.js and npm installed.
25 error If you do, this is most likely a problem with the freelance-camp-frontend package,
25 error not with npm itself.
25 error Tell the author that this fails on your system:
25 error     lite
25 error You can get information on how to open an issue for this project with:
25 error     npm bugs freelance-camp-frontend
25 error Or if that isn't available, you can get their info via:
25 error     npm owner ls freelance-camp-frontend
25 error There is likely additional logging output above.
26 verbose exit [ 1, true ]
